2023-06-02 10:42:21[ INFO ]>>queryUserList用户列表查询测试成功
2023-06-02 10:42:29[ INFO ]>>qselectUserInfo用户登录测试成功
2023-06-02 10:42:38[ INFO ]>>insert用户插入测试成功
2023-06-02 10:42:44[ INFO ]>>delete用户删除测试成功
2023-06-05 21:06:32[ INFO ]>>insert用户插入测试成功
2023-06-05 21:06:32[ INFO ]>>qselectUserInfo用户登录测试成功
2023-06-05 21:06:32[ INFO ]>>queryUserList用户列表查询测试成功
2023-06-05 21:06:50[ INFO ]>>insert用户插入测试成功
2023-06-05 21:06:50[ INFO ]>>qselectUserInfo用户登录测试成功
2023-06-05 21:06:50[ INFO ]>>queryUserList用户列表查询测试成功
2023-06-07 13:31:02[ INFO ]>>insert用户插入测试成功
2023-06-07 13:31:02[ INFO ]>>qselectUserInfo用户登录测试成功
2023-06-07 13:31:02[ INFO ]>>queryUserList用户列表查询测试成功
2023-06-07 13:31:09[ INFO ]>>insert用户插入测试成功
2023-06-07 13:31:09[ INFO ]>>qselectUserInfo用户登录测试成功
2023-06-07 13:31:09[ INFO ]>>queryUserList用户列表查询测试成功
2023-06-08 23:03:37[ INFO ]>>insert用户插入测试成功
2023-06-08 23:03:37[ INFO ]>>qselectUserInfo用户登录测试成功
2023-06-08 23:03:37[ INFO ]>>queryUserList用户列表查询测试成功
2023-06-08 23:04:18[ INFO ]>>insert用户插入测试成功
2023-06-08 23:04:18[ INFO ]>>qselectUserInfo用户登录测试成功
2023-06-08 23:04:18[ INFO ]>>queryUserList用户列表查询测试成功
2023-06-08 23:07:21[ INFO ]>>insert用户插入测试成功
2023-06-08 23:07:21[ INFO ]>>qselectUserInfo用户登录测试成功
2023-06-08 23:07:21[ INFO ]>>queryUserList用户列表查询测试成功
2023-06-08 23:19:09[ INFO ]>>insert用户插入测试成功
2023-06-08 23:19:09[ INFO ]>>qselectUserInfo用户登录测试成功
2023-06-08 23:19:09[ INFO ]>>queryUserList用户列表查询测试成功
2023-06-09 01:08:27[ INFO ]>>insert用户插入测试成功
2023-06-09 01:08:27[ INFO ]>>qselectUserInfo用户登录测试成功
2023-06-09 01:08:27[ INFO ]>>queryUserList用户列表查询测试成功
2023-06-09 01:20:26[ INFO ]>>insert用户插入测试成功
2023-06-09 01:20:26[ INFO ]>>qselectUserInfo用户登录测试成功
2023-06-09 01:20:26[ INFO ]>>queryUserList用户列表查询测试成功
2023-06-09 01:27:42[ INFO ]>>insert用户插入测试成功
2023-06-09 01:27:42[ INFO ]>>qselectUserInfo用户登录测试成功
2023-06-09 01:27:42[ INFO ]>>queryUserList用户列表查询测试成功
2023-06-09 01:31:35[ INFO ]>>insert用户插入测试成功
2023-06-09 01:31:35[ INFO ]>>qselectUserInfo用户登录测试成功
2023-06-09 01:31:35[ INFO ]>>queryUserList用户列表查询测试成功
2023-06-09 01:35:02[ INFO ]>>insert用户插入测试成功
2023-06-09 01:35:02[ INFO ]>>qselectUserInfo用户登录测试成功
2023-06-09 01:35:02[ INFO ]>>queryUserList用户列表查询测试成功
2023-06-09 01:42:55[ INFO ]>>insert用户插入测试成功
2023-06-09 01:42:55[ INFO ]>>qselectUserInfo用户登录测试成功
2023-06-09 01:42:55[ INFO ]>>queryUserList用户列表查询测试成功
2023-06-09 01:50:59[ INFO ]>>insert用户插入测试成功
2023-06-09 01:50:59[ INFO ]>>qselectUserInfo用户登录测试成功
2023-06-09 01:50:59[ INFO ]>>queryUserList用户列表查询测试成功
2023-06-09 01:58:18[ INFO ]>>insert用户插入测试成功
2023-06-09 01:58:18[ INFO ]>>qselectUserInfo用户登录测试成功
2023-06-09 01:58:18[ INFO ]>>queryUserList用户列表查询测试成功
2023-06-09 02:06:50[ INFO ]>>insert用户插入测试成功
2023-06-09 02:06:50[ INFO ]>>qselectUserInfo用户登录测试成功
2023-06-09 02:06:50[ INFO ]>>queryUserList用户列表查询测试成功
2023-06-09 02:07:14[ INFO ]>>insert用户插入测试成功
2023-06-09 02:07:15[ INFO ]>>qselectUserInfo用户登录测试成功
2023-06-09 02:07:15[ INFO ]>>queryUserList用户列表查询测试成功
2023-06-09 02:11:46[ INFO ]>>insert用户插入测试成功
2023-06-09 02:11:46[ INFO ]>>qselectUserInfo用户登录测试成功
2023-06-09 02:11:46[ INFO ]>>queryUserList用户列表查询测试成功
2023-06-09 02:24:20[ INFO ]>>insert用户插入测试成功
2023-06-09 02:24:20[ INFO ]>>qselectUserInfo用户登录测试成功
2023-06-09 02:24:20[ INFO ]>>queryUserList用户列表查询测试成功
2023-06-09 02:31:05[ INFO ]>>insert用户插入测试成功
2023-06-09 02:31:05[ INFO ]>>qselectUserInfo用户登录测试成功
2023-06-09 02:31:05[ INFO ]>>queryUserList用户列表查询测试成功
2023-06-09 02:39:19[ INFO ]>>insert用户插入测试成功
2023-06-09 02:39:19[ INFO ]>>qselectUserInfo用户登录测试成功
2023-06-09 02:39:19[ INFO ]>>queryUserList用户列表查询测试成功
2023-06-09 02:50:46[ INFO ]>>insert用户插入测试成功
2023-06-09 02:50:46[ INFO ]>>qselectUserInfo用户登录测试成功
2023-06-09 02:50:46[ INFO ]>>queryUserList用户列表查询测试成功
2023-06-09 23:32:40[ INFO ]>>insert用户插入测试成功
2023-06-09 23:32:40[ INFO ]>>qselectUserInfo用户登录测试成功
2023-06-09 23:32:40[ INFO ]>>queryUserList用户列表查询测试成功
2023-06-09 23:32:44[ INFO ]>>insert用户插入测试成功
2023-06-09 23:32:44[ INFO ]>>qselectUserInfo用户登录测试成功
2023-06-09 23:32:44[ INFO ]>>queryUserList用户列表查询测试成功
2023-06-14 22:35:23[ INFO ]>>insert用户插入测试成功
2023-06-14 22:35:23[ INFO ]>>qselectUserInfo用户登录测试成功
2023-06-14 22:35:23[ INFO ]>>queryUserList用户列表查询测试成功
2023-06-14 22:35:27[ INFO ]>>insert用户插入测试成功
2023-06-14 22:35:27[ INFO ]>>qselectUserInfo用户登录测试成功
2023-06-14 22:35:27[ INFO ]>>queryUserList用户列表查询测试成功
2023-06-14 22:40:13[ INFO ]>>insert用户插入测试成功
2023-06-14 22:40:13[ INFO ]>>qselectUserInfo用户登录测试成功
2023-06-14 22:40:13[ INFO ]>>queryUserList用户列表查询测试成功
2023-06-14 22:45:48[ INFO ]>>insert用户插入测试成功
2023-06-14 22:45:48[ INFO ]>>qselectUserInfo用户登录测试成功
2023-06-14 22:45:48[ INFO ]>>queryUserList用户列表查询测试成功
2023-06-14 23:49:25[ INFO ]>>insert用户插入测试成功
2023-06-14 23:49:25[ INFO ]>>qselectUserInfo用户登录测试成功
2023-06-14 23:49:25[ INFO ]>>queryUserList用户列表查询测试成功
2023-06-14 23:51:49[ INFO ]>>insert用户插入测试成功
2023-06-14 23:51:49[ INFO ]>>qselectUserInfo用户登录测试成功
2023-06-14 23:51:49[ INFO ]>>queryUserList用户列表查询测试成功
2023-06-15 00:09:31[ INFO ]>>insert用户插入测试成功
2023-06-15 00:09:31[ INFO ]>>qselectUserInfo用户登录测试成功
2023-06-15 00:09:31[ INFO ]>>queryUserList用户列表查询测试成功
2023-06-15 13:22:54[ INFO ]>>insert用户插入测试成功
2023-06-15 13:22:54[ INFO ]>>qselectUserInfo用户登录测试成功
2023-06-15 13:22:54[ INFO ]>>queryUserList用户列表查询测试成功
2023-06-15 14:40:50[ INFO ]>>insert用户插入测试成功
2023-06-15 14:40:50[ INFO ]>>qselectUserInfo用户登录测试成功
2023-06-15 14:40:50[ INFO ]>>queryUserList用户列表查询测试成功
2023-06-16 19:40:37[ INFO ]>>insert用户插入测试成功
2023-06-16 19:40:37[ INFO ]>>queryProjectList项目列表查询测试成功
2023-06-16 19:40:37[ INFO ]>>删除项目测试成功
2023-06-16 19:40:37[ INFO ]>>delete用户删除测试成功
2023-06-16 19:40:37[ INFO ]>>addProjectInfo新增项目测试成功
2023-06-16 19:40:37[ INFO ]>>qselectUserInfo用户登录测试成功
2023-06-16 19:40:37[ INFO ]>>queryUserList用户列表查询测试成功
2023-06-16 19:40:42[ INFO ]>>queryProjectList项目列表查询测试成功
2023-06-16 19:40:56[ INFO ]>>insert用户插入测试成功
2023-06-16 19:40:56[ INFO ]>>queryProjectList项目列表查询测试成功
2023-06-16 19:40:56[ INFO ]>>删除项目测试成功
2023-06-16 19:40:56[ INFO ]>>delete用户删除测试成功
2023-06-16 19:40:56[ INFO ]>>addProjectInfo新增项目测试成功
2023-06-16 19:40:56[ INFO ]>>qselectUserInfo用户登录测试成功
2023-06-16 19:40:56[ INFO ]>>queryUserList用户列表查询测试成功
2023-06-16 19:41:32[ INFO ]>>insert用户插入测试成功
2023-06-16 19:41:32[ INFO ]>>queryProjectList项目列表查询测试成功
2023-06-16 19:41:32[ INFO ]>>删除项目测试成功
2023-06-16 19:41:32[ INFO ]>>delete用户删除测试成功
2023-06-16 19:41:32[ INFO ]>>addProjectInfo新增项目测试成功
2023-06-16 19:41:32[ INFO ]>>qselectUserInfo用户登录测试成功
2023-06-16 19:41:32[ INFO ]>>queryUserList用户列表查询测试成功
2023-06-16 20:19:18[ INFO ]>>insert用户插入测试成功
2023-06-16 20:19:18[ INFO ]>>queryProjectList项目列表查询测试成功
2023-06-16 20:19:18[ INFO ]>>删除项目测试成功
2023-06-16 20:19:18[ INFO ]>>delete用户删除测试成功
2023-06-16 20:19:18[ INFO ]>>addProjectInfo新增项目测试成功
2023-06-16 20:19:18[ INFO ]>>qselectUserInfo用户登录测试成功
2023-06-16 20:19:18[ INFO ]>>queryUserList用户列表查询测试成功
2023-06-16 20:19:23[ INFO ]>>queryProjectList项目列表查询测试成功
2023-06-16 20:19:34[ INFO ]>>insert用户插入测试成功
2023-06-16 20:19:34[ INFO ]>>queryProjectList项目列表查询测试成功
2023-06-16 20:19:34[ INFO ]>>删除项目测试成功
2023-06-16 20:19:34[ INFO ]>>delete用户删除测试成功
2023-06-16 20:19:34[ INFO ]>>addProjectInfo新增项目测试成功
2023-06-16 20:19:34[ INFO ]>>qselectUserInfo用户登录测试成功
2023-06-16 20:19:34[ INFO ]>>queryUserList用户列表查询测试成功
2023-06-18 13:07:46[ INFO ]>>insert用户插入测试成功
2023-06-18 13:07:46[ INFO ]>>modifyProjectInfo修改项目信息测试成功
2023-06-18 13:07:47[ INFO ]>>queryProjectList项目列表查询测试成功
2023-06-18 13:07:47[ INFO ]>>删除项目测试成功
2023-06-18 13:07:47[ INFO ]>>delete用户删除测试成功
2023-06-18 13:07:47[ INFO ]>>addProjectInfo新增项目测试成功
2023-06-18 13:07:47[ INFO ]>>qselectUserInfo用户登录测试成功
2023-06-18 13:07:47[ INFO ]>>queryUserList用户列表查询测试成功
2023-06-18 13:22:15[ INFO ]>>insert用户插入测试成功
2023-06-18 13:22:15[ INFO ]>>modifyProjectInfo修改项目信息测试成功
2023-06-18 13:22:15[ INFO ]>>queryProjectList项目列表查询测试成功
2023-06-18 13:22:15[ INFO ]>>删除项目测试成功
2023-06-18 13:22:15[ INFO ]>>delete用户删除测试成功
2023-06-18 13:22:15[ INFO ]>>addProjectInfo新增项目测试成功
2023-06-18 13:22:15[ INFO ]>>qselectUserInfo用户登录测试成功
2023-06-18 13:22:15[ INFO ]>>queryUserList用户列表查询测试成功
2023-06-18 13:25:21[ INFO ]>>insert用户插入测试成功
2023-06-18 13:25:21[ INFO ]>>modifyProjectInfo修改项目信息测试成功
2023-06-18 13:25:21[ INFO ]>>queryProjectList项目列表查询测试成功
2023-06-18 13:25:21[ INFO ]>>删除项目测试成功
2023-06-18 13:25:21[ INFO ]>>delete用户删除测试成功
2023-06-18 13:25:21[ INFO ]>>addProjectInfo新增项目测试成功
2023-06-18 13:25:21[ INFO ]>>qselectUserInfo用户登录测试成功
2023-06-18 13:25:21[ INFO ]>>queryUserList用户列表查询测试成功
2023-06-18 13:28:10[ INFO ]>>insert用户插入测试成功
2023-06-18 13:28:10[ INFO ]>>modifyProjectInfo修改项目信息测试成功
2023-06-18 13:28:10[ INFO ]>>queryProjectList项目列表查询测试成功
2023-06-18 13:28:10[ INFO ]>>删除项目测试成功
2023-06-18 13:28:10[ INFO ]>>delete用户删除测试成功
2023-06-18 13:28:10[ INFO ]>>addProjectInfo新增项目测试成功
2023-06-18 13:28:10[ INFO ]>>qselectUserInfo用户登录测试成功
2023-06-18 13:28:10[ INFO ]>>queryUserList用户列表查询测试成功
2023-06-18 13:28:34[ INFO ]>>insert用户插入测试成功
2023-06-18 13:28:34[ INFO ]>>modifyProjectInfo修改项目信息测试成功
2023-06-18 13:28:34[ INFO ]>>queryProjectList项目列表查询测试成功
2023-06-18 13:28:34[ INFO ]>>删除项目测试成功
2023-06-18 13:28:34[ INFO ]>>delete用户删除测试成功
2023-06-18 13:28:34[ INFO ]>>addProjectInfo新增项目测试成功
2023-06-18 13:28:34[ INFO ]>>qselectUserInfo用户登录测试成功
2023-06-18 13:28:34[ INFO ]>>queryUserList用户列表查询测试成功
2023-06-18 13:37:06[ INFO ]>>insert用户插入测试成功
2023-06-18 13:37:06[ INFO ]>>modifyProjectInfo修改项目信息测试成功
2023-06-18 13:37:06[ INFO ]>>queryProjectList项目列表查询测试成功
2023-06-18 13:37:06[ INFO ]>>删除项目测试成功
2023-06-18 13:37:06[ INFO ]>>delete用户删除测试成功
2023-06-18 13:37:06[ INFO ]>>addProjectInfo新增项目测试成功
2023-06-18 13:37:06[ INFO ]>>qselectUserInfo用户登录测试成功
2023-06-18 13:37:06[ INFO ]>>queryUserList用户列表查询测试成功
2023-06-18 13:37:07[ INFO ]>>insert用户插入测试成功
2023-06-18 13:37:07[ INFO ]>>modifyProjectInfo修改项目信息测试成功
2023-06-18 13:37:07[ INFO ]>>queryProjectList项目列表查询测试成功
2023-06-18 13:37:07[ INFO ]>>删除项目测试成功
2023-06-18 13:37:07[ INFO ]>>delete用户删除测试成功
2023-06-18 13:37:07[ INFO ]>>addProjectInfo新增项目测试成功
2023-06-18 13:37:07[ INFO ]>>qselectUserInfo用户登录测试成功
2023-06-18 13:37:07[ INFO ]>>queryUserList用户列表查询测试成功
2023-06-18 13:38:07[ INFO ]>>insert用户插入测试成功
2023-06-18 13:38:07[ INFO ]>>modifyProjectInfo修改项目信息测试成功
2023-06-18 13:38:07[ INFO ]>>queryProjectList项目列表查询测试成功
2023-06-18 13:38:07[ INFO ]>>删除项目测试成功
2023-06-18 13:38:07[ INFO ]>>delete用户删除测试成功
2023-06-18 13:38:07[ INFO ]>>addProjectInfo新增项目测试成功
2023-06-18 13:38:07[ INFO ]>>qselectUserInfo用户登录测试成功
2023-06-18 13:38:07[ INFO ]>>queryUserList用户列表查询测试成功
2023-06-18 13:44:17[ INFO ]>>insert用户插入测试成功
2023-06-18 13:44:17[ INFO ]>>modifyProjectInfo修改项目信息测试成功
2023-06-18 13:44:17[ INFO ]>>queryProjectList项目列表查询测试成功
2023-06-18 13:44:17[ INFO ]>>删除项目测试成功
2023-06-18 13:44:17[ INFO ]>>delete用户删除测试成功
2023-06-18 13:44:17[ INFO ]>>addProjectInfo新增项目测试成功
2023-06-18 13:44:17[ INFO ]>>qselectUserInfo用户登录测试成功
2023-06-18 13:44:17[ INFO ]>>queryUserList用户列表查询测试成功
2023-06-19 10:58:44[ INFO ]>>insert用户插入测试成功
2023-06-19 10:58:44[ INFO ]>>modifyProjectInfo修改项目信息测试成功
2023-06-19 10:58:45[ INFO ]>>queryProjectList项目列表查询测试成功
2023-06-19 10:58:45[ INFO ]>>删除项目测试成功
2023-06-19 10:58:45[ INFO ]>>delete用户删除测试成功
2023-06-19 10:58:45[ INFO ]>>addProjectInfo新增项目测试成功
2023-06-19 10:58:45[ INFO ]>>qselectUserInfo用户登录测试成功
2023-06-19 10:58:45[ INFO ]>>queryUserList用户列表查询测试成功
2023-06-19 14:25:24[ INFO ]>>insert用户插入测试成功
2023-06-19 14:25:24[ INFO ]>>modifyProjectInfo修改项目信息测试成功
2023-06-19 14:25:24[ INFO ]>>queryProjectList项目列表查询测试成功
2023-06-19 14:25:24[ INFO ]>>删除项目测试成功
2023-06-19 14:25:24[ INFO ]>>delete用户删除测试成功
2023-06-19 14:25:24[ INFO ]>>addProjectInfo新增项目测试成功
2023-06-19 14:25:24[ INFO ]>>qselectUserInfo用户登录测试成功
2023-06-19 14:25:24[ INFO ]>>queryUserList用户列表查询测试成功
2023-06-19 14:35:32[ INFO ]>>insert用户插入测试成功
2023-06-19 14:35:32[ INFO ]>>modifyProjectInfo修改项目信息测试成功
2023-06-19 14:35:32[ INFO ]>>queryProjectList项目列表查询测试成功
2023-06-19 14:35:32[ INFO ]>>删除项目测试成功
2023-06-19 14:35:32[ INFO ]>>delete用户删除测试成功
2023-06-19 14:35:32[ INFO ]>>addProjectInfo新增项目测试成功
2023-06-19 14:35:32[ INFO ]>>qselectUserInfo用户登录测试成功
2023-06-19 14:35:32[ INFO ]>>queryUserList用户列表查询测试成功
2023-06-28 18:09:28[ INFO ]>>insert用户插入测试成功
2023-06-28 18:09:28[ INFO ]>>modifyProjectInfo修改项目信息测试成功
2023-06-28 18:09:28[ INFO ]>>queryProjectList项目列表查询测试成功
2023-06-28 18:09:28[ INFO ]>>删除项目测试成功
2023-06-28 18:09:28[ INFO ]>>delete用户删除测试成功
2023-06-28 18:09:28[ INFO ]>>addProjectInfo新增项目测试成功
2023-06-28 18:09:28[ INFO ]>>qselectUserInfo用户登录测试成功
2023-06-28 18:25:48[ INFO ]>>insert用户插入测试成功
2023-06-28 18:25:48[ INFO ]>>modifyProjectInfo修改项目信息测试成功
2023-06-28 18:25:49[ INFO ]>>queryProjectList项目列表查询测试成功
2023-06-28 18:25:49[ INFO ]>>删除项目测试成功
2023-06-28 18:25:49[ INFO ]>>delete用户删除测试成功
2023-06-28 18:25:49[ INFO ]>>addProjectInfo新增项目测试成功
2023-06-28 18:25:49[ INFO ]>>qselectUserInfo用户登录测试成功
2023-06-28 18:31:57[ INFO ]>>insert用户插入测试成功
2023-06-28 18:31:57[ INFO ]>>modifyProjectInfo修改项目信息测试成功
2023-06-28 18:31:57[ INFO ]>>queryProjectList项目列表查询测试成功
2023-06-28 18:31:57[ INFO ]>>删除项目测试成功
2023-06-28 18:31:57[ INFO ]>>delete用户删除测试成功
2023-06-28 18:31:57[ INFO ]>>addProjectInfo新增项目测试成功
2023-06-28 18:31:57[ INFO ]>>qselectUserInfo用户登录测试成功
2023-06-29 08:37:07[ INFO ]>>insert用户插入测试成功
2023-06-29 08:37:08[ INFO ]>>queryProjectList项目列表查询测试成功
2023-06-29 08:37:08[ INFO ]>>删除项目测试成功
2023-06-29 08:37:08[ INFO ]>>delete用户删除测试成功
2023-06-29 08:37:08[ INFO ]>>addProjectInfo新增项目测试成功
2023-06-29 08:37:08[ INFO ]>>qselectUserInfo用户登录测试成功
2023-06-29 08:37:13[ INFO ]>>insert用户插入测试成功
2023-06-29 08:37:13[ INFO ]>>queryProjectList项目列表查询测试成功
2023-06-29 08:37:13[ INFO ]>>删除项目测试成功
2023-06-29 08:37:13[ INFO ]>>delete用户删除测试成功
2023-06-29 08:37:13[ INFO ]>>addProjectInfo新增项目测试成功
2023-06-29 08:37:13[ INFO ]>>qselectUserInfo用户登录测试成功
2023-06-29 08:43:33[ INFO ]>>insert用户插入测试成功
2023-06-29 08:43:33[ INFO ]>>queryProjectList项目列表查询测试成功
2023-06-29 08:43:33[ INFO ]>>删除项目测试成功
2023-06-29 08:43:34[ INFO ]>>delete用户删除测试成功
2023-06-29 08:43:34[ INFO ]>>addProjectInfo新增项目测试成功
2023-06-29 08:43:34[ INFO ]>>qselectUserInfo用户登录测试成功
2023-06-29 08:43:55[ INFO ]>>insert用户插入测试成功
2023-06-29 08:43:55[ INFO ]>>queryProjectList项目列表查询测试成功
2023-06-29 08:43:55[ INFO ]>>删除项目测试成功
2023-06-29 08:43:55[ INFO ]>>delete用户删除测试成功
2023-06-29 08:43:55[ INFO ]>>addProjectInfo新增项目测试成功
2023-06-29 08:43:55[ INFO ]>>qselectUserInfo用户登录测试成功
2023-06-29 08:53:18[ INFO ]>>insert用户插入测试成功
2023-06-29 08:53:18[ INFO ]>>queryProjectList项目列表查询测试成功
2023-06-29 08:53:18[ INFO ]>>删除项目测试成功
2023-06-29 08:53:18[ INFO ]>>delete用户删除测试成功
2023-06-29 08:53:19[ INFO ]>>addProjectInfo新增项目测试成功
2023-06-29 08:53:19[ INFO ]>>qselectUserInfo用户登录测试成功
2023-06-29 08:54:32[ INFO ]>>insert用户插入测试成功
2023-06-29 08:54:32[ INFO ]>>queryProjectList项目列表查询测试成功
2023-06-29 08:54:32[ INFO ]>>删除项目测试成功
2023-06-29 08:54:32[ INFO ]>>delete用户删除测试成功
2023-06-29 08:54:32[ INFO ]>>addProjectInfo新增项目测试成功
2023-06-29 08:54:32[ INFO ]>>qselectUserInfo用户登录测试成功
2023-06-29 08:54:54[ INFO ]>>insert用户插入测试成功
2023-06-29 08:54:54[ INFO ]>>queryProjectList项目列表查询测试成功
2023-06-29 08:54:54[ INFO ]>>删除项目测试成功
2023-06-29 08:54:54[ INFO ]>>delete用户删除测试成功
2023-06-29 08:54:54[ INFO ]>>addProjectInfo新增项目测试成功
2023-06-29 08:54:54[ INFO ]>>qselectUserInfo用户登录测试成功
2023-06-29 08:56:39[ INFO ]>>insert用户插入测试成功
2023-06-29 08:56:39[ INFO ]>>queryProjectList项目列表查询测试成功
2023-06-29 08:56:39[ INFO ]>>删除项目测试成功
2023-06-29 08:56:39[ INFO ]>>delete用户删除测试成功
2023-06-29 08:56:39[ INFO ]>>addProjectInfo新增项目测试成功
2023-06-29 08:56:39[ INFO ]>>qselectUserInfo用户登录测试成功
2023-06-29 08:57:29[ INFO ]>>insert用户插入测试成功
2023-06-29 08:57:29[ INFO ]>>queryProjectList项目列表查询测试成功
2023-06-29 08:57:29[ INFO ]>>删除项目测试成功
2023-06-29 08:57:29[ INFO ]>>delete用户删除测试成功
2023-06-29 08:57:29[ INFO ]>>addProjectInfo新增项目测试成功
2023-06-29 08:57:29[ INFO ]>>qselectUserInfo用户登录测试成功
2023-06-29 08:58:12[ INFO ]>>insert用户插入测试成功
2023-06-29 08:58:13[ INFO ]>>queryProjectList项目列表查询测试成功
2023-06-29 08:58:13[ INFO ]>>删除项目测试成功
2023-06-29 08:58:13[ INFO ]>>delete用户删除测试成功
2023-06-29 08:58:13[ INFO ]>>addProjectInfo新增项目测试成功
2023-06-29 08:58:13[ INFO ]>>qselectUserInfo用户登录测试成功
2023-06-29 08:58:14[ INFO ]>>insert用户插入测试成功
2023-06-29 08:58:15[ INFO ]>>queryProjectList项目列表查询测试成功
2023-06-29 08:58:15[ INFO ]>>删除项目测试成功
2023-06-29 08:58:15[ INFO ]>>delete用户删除测试成功
2023-06-29 08:58:15[ INFO ]>>addProjectInfo新增项目测试成功
2023-06-29 08:58:15[ INFO ]>>qselectUserInfo用户登录测试成功
2023-06-29 09:11:10[ INFO ]>>insert用户插入测试成功
2023-06-29 09:11:10[ INFO ]>>queryProjectList项目列表查询测试成功
2023-06-29 09:11:10[ INFO ]>>删除项目测试成功
2023-06-29 09:11:10[ INFO ]>>delete用户删除测试成功
2023-06-29 09:11:10[ INFO ]>>addProjectInfo新增项目测试成功
2023-06-29 09:11:10[ INFO ]>>qselectUserInfo用户登录测试成功
2023-06-29 09:11:31[ INFO ]>>insert用户插入测试成功
2023-06-29 09:11:31[ INFO ]>>queryProjectList项目列表查询测试成功
2023-06-29 09:11:31[ INFO ]>>删除项目测试成功
2023-06-29 09:11:31[ INFO ]>>delete用户删除测试成功
2023-06-29 09:11:31[ INFO ]>>addProjectInfo新增项目测试成功
2023-06-29 09:11:31[ INFO ]>>qselectUserInfo用户登录测试成功
2023-06-29 09:19:11[ INFO ]>>insert用户插入测试成功
2023-06-29 09:19:11[ INFO ]>>modifyProjectInfo修改项目信息测试成功
2023-06-29 09:19:11[ INFO ]>>queryProjectList项目列表查询测试成功
2023-06-29 09:19:11[ INFO ]>>删除项目测试成功
2023-06-29 09:19:11[ INFO ]>>delete用户删除测试成功
2023-06-29 09:19:11[ INFO ]>>addProjectInfo新增项目测试成功
2023-06-29 09:19:11[ INFO ]>>qselectUserInfo用户登录测试成功
2023-06-29 09:22:12[ INFO ]>>insert用户插入测试成功
2023-06-29 09:22:12[ INFO ]>>modifyProjectInfo修改项目信息测试成功
2023-06-29 09:22:12[ INFO ]>>queryProjectList项目列表查询测试成功
2023-06-29 09:22:12[ INFO ]>>删除项目测试成功
2023-06-29 09:22:12[ INFO ]>>delete用户删除测试成功
2023-06-29 09:22:12[ INFO ]>>addProjectInfo新增项目测试成功
2023-06-29 09:22:12[ INFO ]>>qselectUserInfo用户登录测试成功
2023-06-29 09:31:47[ INFO ]>>insert用户插入测试成功
2023-06-29 09:31:47[ INFO ]>>modifyProjectInfo修改项目信息测试成功
2023-06-29 09:31:47[ INFO ]>>queryProjectList项目列表查询测试成功
2023-06-29 09:31:47[ INFO ]>>删除项目测试成功
2023-06-29 09:31:47[ INFO ]>>delete用户删除测试成功
2023-06-29 09:31:47[ INFO ]>>addProjectInfo新增项目测试成功
2023-06-29 09:31:48[ INFO ]>>qselectUserInfo用户登录测试成功
2023-06-29 09:39:48[ INFO ]>>insert用户插入测试成功
2023-06-29 09:39:49[ INFO ]>>modifyProjectInfo修改项目信息测试成功
2023-06-29 09:39:49[ INFO ]>>queryProjectList项目列表查询测试成功
2023-06-29 09:39:49[ INFO ]>>删除项目测试成功
2023-06-29 09:39:49[ INFO ]>>delete用户删除测试成功
2023-06-29 09:39:49[ INFO ]>>addProjectInfo新增项目测试成功
2023-06-29 09:39:49[ INFO ]>>qselectUserInfo用户登录测试成功
